<?xml version="1.0" encoding="UTF-8"?>
<!-- Generated by org.testng.reporters.JUnitReportReporter -->
<testsuite hostname="LIN59019640" failures="0" tests="5" name="com.OpenCart.test.TestRunner" time="57.305" errors="0" timestamp="10 Jan 2022 05:09:45 GMT" skipped="0">
  <testcase classname="com.OpenCart.test.TestRunner" name="runScenario" time="14.095"/>
  <testcase classname="com.OpenCart.test.TestRunner" name="runScenario" time="10.218"/>
  <testcase classname="com.OpenCart.test.TestRunner" name="runScenario" time="9.775"/>
  <testcase classname="com.OpenCart.test.TestRunner" name="runScenario" time="9.893"/>
  <testcase classname="com.OpenCart.test.TestRunner" name="runScenario" time="13.324"/>
</testsuite> <!-- com.OpenCart.test.TestRunner -->
