<?xml version="1.0" encoding="UTF-8"?>
<!-- Generated by org.testng.reporters.JUnitReportReporter -->
<testsuite hostname="LIN59019640" failures="0" tests="46" name="com.OpenCart.test.TestRunner1" time="7291.211" errors="2" timestamp="02 Aug 2023 08:54:16 GMT" skipped="0">
  <testcase classname="com.OpenCart.test.TestRunner1" name="runScenario" time="39.130"/>
  <testcase classname="com.OpenCart.test.TestRunner1" name="runScenario" time="202.822"/>
  <testcase classname="com.OpenCart.test.TestRunner1" name="runScenario" time="46.545"/>
  <testcase classname="com.OpenCart.test.TestRunner1" name="runScenario" time="72.637"/>
  <testcase classname="com.OpenCart.test.TestRunner1" name="runScenario" time="87.373"/>
  <testcase classname="com.OpenCart.test.TestRunner1" name="runScenario" time="103.669"/>
  <testcase classname="com.OpenCart.test.TestRunner1" name="runScenario" time="50.001"/>
  <testcase classname="com.OpenCart.test.TestRunner1" name="runScenario" time="131.669"/>
  <testcase classname="com.OpenCart.test.TestRunner1" name="runScenario" time="223.721"/>
  <testcase classname="com.OpenCart.test.TestRunner1" name="runScenario" time="111.610"/>
  <testcase classname="com.OpenCart.test.TestRunner1" name="runScenario" time="60.603"/>
  <testcase classname="com.OpenCart.test.TestRunner1" name="runScenario" time="106.139"/>
  <testcase classname="com.OpenCart.test.TestRunner1" name="runScenario" time="103.823"/>
  <testcase classname="com.OpenCart.test.TestRunner1" name="runScenario" time="108.967"/>
  <testcase classname="com.OpenCart.test.TestRunner1" name="runScenario" time="87.436"/>
  <testcase classname="com.OpenCart.test.TestRunner1" name="runScenario" time="50.990"/>
  <testcase classname="com.OpenCart.test.TestRunner1" name="runScenario" time="49.245"/>
  <testcase classname="com.OpenCart.test.TestRunner1" name="runScenario" time="117.767"/>
  <testcase classname="com.OpenCart.test.TestRunner1" name="runScenario" time="100.040"/>
  <testcase classname="com.OpenCart.test.TestRunner1" name="runScenario" time="131.705"/>
  <testcase classname="com.OpenCart.test.TestRunner1" name="runScenario" time="141.864"/>
  <testcase classname="com.OpenCart.test.TestRunner1" name="runScenario" time="83.890"/>
  <testcase classname="com.OpenCart.test.TestRunner1" name="runScenario" time="146.099">
    <error message="Session ID is null. Using WebDriver after calling quit()?
Build info: version: &#039;3.141.59&#039;, revision: &#039;e82be7d358&#039;, time: &#039;2018-11-14T08:17:03&#039;
System info: host: &#039;LIN59019640&#039;, ip: &#039;10.235.46.51&#039;, os.name: &#039;Windows 10&#039;, os.arch: &#039;amd64&#039;, os.version: &#039;10.0&#039;, java.version: &#039;17.0.1&#039;
Driver info: driver.version: RemoteWebDriver" type="org.openqa.selenium.NoSuchSessionException">
      <![CDATA[org.openqa.selenium.NoSuchSessionException: Session ID is null. Using WebDriver after calling quit()?
Build info: version: '3.141.59', revision: 'e82be7d358', time: '2018-11-14T08:17:03'
System info: host: 'LIN59019640', ip: '10.235.46.51', os.name: 'Windows 10', os.arch: 'amd64', os.version: '10.0', java.version: '17.0.1'
Driver info: driver.version: RemoteWebDriver
at org.openqa.selenium.remote.HttpCommandExecutor.execute(HttpCommandExecutor.java:125)
at org.openqa.selenium.remote.service.DriverCommandExecutor.execute(DriverCommandExecutor.java:83)
at org.openqa.selenium.remote.RemoteWebDriver.execute(RemoteWebDriver.java:552)
at org.openqa.selenium.remote.RemoteWebDriver.findElement(RemoteWebDriver.java:323)
at org.openqa.selenium.remote.RemoteWebDriver.findElementByXPath(RemoteWebDriver.java:428)
at org.openqa.selenium.By$ByXPath.findElement(By.java:353)
at org.openqa.selenium.remote.RemoteWebDriver.findElement(RemoteWebDriver.java:315)
at com.OpenCart.pages.Search.verfiyErrorMessage(Search.java:130)
at com.OpenCart.StepDefinition.SearchDef.a_message_should_be_visible_on_screen_with_shopping_cart_as_empty(SearchDef.java:57)
at ✽.a message should be visible on screen with shopping cart as empty(file:///C:/May21/OpenCartProject/src/test/resources/com.OpenCart.Feature/Search.feature:22)
]]>
    </error>
  </testcase> <!-- runScenario -->
  <testcase classname="com.OpenCart.test.TestRunner1" name="runScenario" time="101.247"/>
  <testcase classname="com.OpenCart.test.TestRunner1" name="runScenario" time="54.861"/>
  <testcase classname="com.OpenCart.test.TestRunner1" name="runScenario" time="86.781"/>
  <testcase classname="com.OpenCart.test.TestRunner1" name="runScenario" time="88.251"/>
  <testcase classname="com.OpenCart.test.TestRunner1" name="runScenario" time="62.010"/>
  <testcase classname="com.OpenCart.test.TestRunner1" name="runScenario" time="49.920"/>
  <testcase classname="com.OpenCart.test.TestRunner1" name="runScenario" time="95.060"/>
  <testcase classname="com.OpenCart.test.TestRunner1" name="runScenario" time="38.728"/>
  <testcase classname="com.OpenCart.test.TestRunner1" name="runScenario" time="42.577"/>
  <testcase classname="com.OpenCart.test.TestRunner1" name="runScenario" time="55.747"/>
  <testcase classname="com.OpenCart.test.TestRunner1" name="runScenario" time="53.699"/>
  <testcase classname="com.OpenCart.test.TestRunner1" name="runScenario" time="116.185"/>
  <testcase classname="com.OpenCart.test.TestRunner1" name="runScenario" time="238.137"/>
  <testcase classname="com.OpenCart.test.TestRunner1" name="runScenario" time="71.880"/>
  <testcase classname="com.OpenCart.test.TestRunner1" name="runScenario" time="47.721"/>
  <testcase classname="com.OpenCart.test.TestRunner1" name="runScenario" time="3166.760"/>
  <testcase classname="com.OpenCart.test.TestRunner1" name="runScenario" time="56.154"/>
  <testcase classname="com.OpenCart.test.TestRunner1" name="runScenario" time="53.734"/>
  <testcase classname="com.OpenCart.test.TestRunner1" name="runScenario" time="158.304">
    <error message="Session ID is null. Using WebDriver after calling quit()?
Build info: version: &#039;3.141.59&#039;, revision: &#039;e82be7d358&#039;, time: &#039;2018-11-14T08:17:03&#039;
System info: host: &#039;LIN59019640&#039;, ip: &#039;10.235.46.51&#039;, os.name: &#039;Windows 10&#039;, os.arch: &#039;amd64&#039;, os.version: &#039;10.0&#039;, java.version: &#039;17.0.1&#039;
Driver info: driver.version: RemoteWebDriver" type="org.openqa.selenium.NoSuchSessionException">
      <![CDATA[org.openqa.selenium.NoSuchSessionException: Session ID is null. Using WebDriver after calling quit()?
Build info: version: '3.141.59', revision: 'e82be7d358', time: '2018-11-14T08:17:03'
System info: host: 'LIN59019640', ip: '10.235.46.51', os.name: 'Windows 10', os.arch: 'amd64', os.version: '10.0', java.version: '17.0.1'
Driver info: driver.version: RemoteWebDriver
at org.openqa.selenium.remote.HttpCommandExecutor.execute(HttpCommandExecutor.java:125)
at org.openqa.selenium.remote.service.DriverCommandExecutor.execute(DriverCommandExecutor.java:83)
at org.openqa.selenium.remote.RemoteWebDriver.execute(RemoteWebDriver.java:552)
at org.openqa.selenium.remote.RemoteWebDriver.findElement(RemoteWebDriver.java:323)
at org.openqa.selenium.remote.RemoteWebDriver.findElementByXPath(RemoteWebDriver.java:428)
at org.openqa.selenium.By$ByXPath.findElement(By.java:353)
at org.openqa.selenium.remote.RemoteWebDriver.findElement(RemoteWebDriver.java:315)
at com.OpenCart.pages.Search.verfiyErrorMessage(Search.java:130)
at com.OpenCart.StepDefinition.SearchDef.a_message_should_be_visible_on_screen_with_shopping_cart_as_empty(SearchDef.java:57)
at ✽.a message should be visible on screen with shopping cart as empty(file:///C:/May21/OpenCartProject/src/test/resources/com.OpenCart.Feature/Search.feature:27)
]]>
    </error>
  </testcase> <!-- runScenario -->
  <testcase classname="com.OpenCart.test.TestRunner1" name="runScenario" time="118.337"/>
  <testcase classname="com.OpenCart.test.TestRunner1" name="runScenario" time="42.481"/>
  <testcase classname="com.OpenCart.test.TestRunner1" name="runScenario" time="83.028"/>
  <testcase classname="com.OpenCart.test.TestRunner1" name="runScenario" time="51.864"/>
</testsuite> <!-- com.OpenCart.test.TestRunner1 -->
